# JRE version: OpenJDK Runtime Environment (8.0_202-b03) (build 1.8.0_202-release-1483-b03)
# Java VM: OpenJDK 64-Bit Server VM (25.202-b03 mixed mode windows-amd64 compressed oops)
Heap:
 PSYoungGen      total 355328K, used 1797K [0x00000000e0000000, 0x00000000f7900000, 0x0000000100000000)
  eden space 325120K, 0% used [0x00000000e0000000,0x00000000e01c1588,0x00000000f3d80000)
  from space 30208K, 0% used [0x00000000f3d80000,0x00000000f3d80000,0x00000000f5b00000)
  to   space 29696K, 0% used [0x00000000f5b00000,0x00000000f5b00000,0x00000000f7800000)
 ParOldGen       total 109056K, used 96208K [0x00000000a0000000, 0x00000000a6a80000, 0x00000000e0000000)
  object space 109056K, 88% used [0x00000000a0000000,0x00000000a5df42b8,0x00000000a6a80000)
 Metaspace       used 75831K, capacity 78752K, committed 79064K, reserved 1118208K
  class space    used 10068K, capacity 10693K, committed 10752K, reserved 1048576K
GC Heap History (10 events):
Event: 48.293 GC heap before
{Heap before GC invocations=21 (full 3):
 PSYoungGen      total 278528K, used 253376K [0x00000000e0000000, 0x00000000f5080000, 0x0000000100000000)
  eden space 246784K, 100% used [0x00000000e0000000,0x00000000ef100000,0x00000000ef100000)
  from space 31744K, 20% used [0x00000000ef100000,0x00000000ef770010,0x00000000f1000000)
  to   space 30720K, 0% used [0x00000000f3280000,0x00000000f3280000,0x00000000f5080000)
 ParOldGen       total 94208K, used 72615K [0x00000000a0000000, 0x00000000a5c00000, 0x00000000e0000000)
  object space 94208K, 77% used [0x00000000a0000000,0x00000000a46e9d38,0x00000000a5c00000)
 Metaspace       used 73484K, capacity 76402K, committed 76504K, reserved 1116160K
  class space    used 9832K, capacity 10456K, committed 10496K, reserved 1048576K
Event: 48.340 GC heap after
Heap after GC invocations=21 (full 3):
 PSYoungGen      total 310784K, used 14222K [0x00000000e0000000, 0x00000000f4e00000, 0x0000000100000000)
  eden space 282624K, 0% used [0x00000000e0000000,0x00000000e0000000,0x00000000f1400000)
  from space 28160K, 50% used [0x00000000f3280000,0x00000000f4063918,0x00000000f4e00000)
  to   space 29696K, 0% used [0x00000000f1400000,0x00000000f1400000,0x00000000f3100000)
 ParOldGen       total 94208K, used 72623K [0x00000000a0000000, 0x00000000a5c00000, 0x00000000e0000000)
  object space 94208K, 77% used [0x00000000a0000000,0x00000000a46ebd38,0x00000000a5c00000)
 Metaspace       used 73484K, capacity 76402K, committed 76504K, reserved 1116160K
  class space    used 9832K, capacity 10456K, committed 10496K, reserved 1048576K
}
Event: 50.420 GC heap before
{Heap before GC invocations=22 (full 3):
 PSYoungGen      total 310784K, used 296846K [0x00000000e0000000, 0x00000000f4e00000, 0x0000000100000000)
  eden space 282624K, 100% used [0x00000000e0000000,0x00000000f1400000,0x00000000f1400000)
  from space 28160K, 50% used [0x00000000f3280000,0x00000000f4063918,0x00000000f4e00000)
  to   space 29696K, 0% used [0x00000000f1400000,0x00000000f1400000,0x00000000f3100000)
 ParOldGen       total 94208K, used 72623K [0x00000000a0000000, 0x00000000a5c00000, 0x00000000e0000000)
  object space 94208K, 77% used [0x00000000a0000000,0x00000000a46ebd38,0x00000000a5c00000)
 Metaspace       used 73997K, capacity 76928K, committed 77144K, reserved 1116160K
  class space    used 9881K, capacity 10501K, committed 10624K, reserved 1048576K
Event: 50.506 GC heap after
Heap after GC invocations=22 (full 3):
 PSYoungGen      total 312320K, used 15516K [0x00000000e0000000, 0x00000000f7800000, 0x0000000100000000)
  eden space 282624K, 0% used [0x00000000e0000000,0x00000000e0000000,0x00000000f1400000)
  from space 29696K, 52% used [0x00000000f1400000,0x00000000f23270e0,0x00000000f3100000)
  to   space 29696K, 0% used [0x00000000f5b00000,0x00000000f5b00000,0x00000000f7800000)
 ParOldGen       total 94208K, used 72631K [0x00000000a0000000, 0x00000000a5c00000, 0x00000000e0000000)
  object space 94208K, 77% used [0x00000000a0000000,0x00000000a46edd38,0x00000000a5c00000)
 Metaspace       used 73997K, capacity 76928K, committed 77144K, reserved 1116160K
  class space    used 9881K, capacity 10501K, committed 10624K, reserved 1048576K
}
Event: 52.722 GC heap before
{Heap before GC invocations=23 (full 3):
 PSYoungGen      total 312320K, used 298140K [0x00000000e0000000, 0x00000000f7800000, 0x0000000100000000)
  eden space 282624K, 100% used [0x00000000e0000000,0x00000000f1400000,0x00000000f1400000)
  from space 29696K, 52% used [0x00000000f1400000,0x00000000f23270e0,0x00000000f3100000)
  to   space 29696K, 0% used [0x00000000f5b00000,0x00000000f5b00000,0x00000000f7800000)
 ParOldGen       total 94208K, used 72631K [0x00000000a0000000, 0x00000000a5c00000, 0x00000000e0000000)
  object space 94208K, 77% used [0x00000000a0000000,0x00000000a46edd38,0x00000000a5c00000)
 Metaspace       used 74305K, capacity 77180K, committed 77400K, reserved 1116160K
  class space    used 9905K, capacity 10537K, committed 10624K, reserved 1048576K
Event: 52.797 GC heap after
Heap after GC invocations=23 (full 3):
 PSYoungGen      total 354816K, used 17808K [0x00000000e0000000, 0x00000000f7900000, 0x0000000100000000)
  eden space 325120K, 0% used [0x00000000e0000000,0x00000000e0000000,0x00000000f3d80000)
  from space 29696K, 59% used [0x00000000f5b00000,0x00000000f6c64060,0x00000000f7800000)
  to   space 30208K, 0% used [0x00000000f3d80000,0x00000000f3d80000,0x00000000f5b00000)
 ParOldGen       total 94208K, used 72631K [0x00000000a0000000, 0x00000000a5c00000, 0x00000000e0000000)
  object space 94208K, 77% used [0x00000000a0000000,0x00000000a46edd38,0x00000000a5c00000)
 Metaspace       used 74305K, capacity 77180K, committed 77400K, reserved 1116160K
  class space    used 9905K, capacity 10537K, committed 10624K, reserved 1048576K
}
Event: 56.370 GC heap before
{Heap before GC invocations=24 (full 3):
 PSYoungGen      total 354816K, used 342928K [0x00000000e0000000, 0x00000000f7900000, 0x0000000100000000)
  eden space 325120K, 100% used [0x00000000e0000000,0x00000000f3d80000,0x00000000f3d80000)
  from space 29696K, 59% used [0x00000000f5b00000,0x00000000f6c64060,0x00000000f7800000)
  to   space 30208K, 0% used [0x00000000f3d80000,0x00000000f3d80000,0x00000000f5b00000)
 ParOldGen       total 94208K, used 72631K [0x00000000a0000000, 0x00000000a5c00000, 0x00000000e0000000)
  object space 94208K, 77% used [0x00000000a0000000,0x00000000a46edd38,0x00000000a5c00000)
 Metaspace       used 75904K, capacity 78942K, committed 79064K, reserved 1118208K
  class space    used 10093K, capacity 10736K, committed 10752K, reserved 1048576K
Event: 56.999 GC heap after
Heap after GC invocations=24 (full 3):
 PSYoungGen      total 355328K, used 30186K [0x00000000e0000000, 0x00000000f7900000, 0x0000000100000000)
  eden space 325120K, 0% used [0x00000000e0000000,0x00000000e0000000,0x00000000f3d80000)
  from space 30208K, 99% used [0x00000000f3d80000,0x00000000f5afa858,0x00000000f5b00000)
  to   space 29696K, 0% used [0x00000000f5b00000,0x00000000f5b00000,0x00000000f7800000)
 ParOldGen       total 109056K, used 108989K [0x00000000a0000000, 0x00000000a6a80000, 0x00000000e0000000)
  object space 109056K, 99% used [0x00000000a0000000,0x00000000a6a6f518,0x00000000a6a80000)
 Metaspace       used 75904K, capacity 78942K, committed 79064K, reserved 1118208K
  class space    used 10093K, capacity 10736K, committed 10752K, reserved 1048576K
}
Event: 57.000 GC heap before
{Heap before GC invocations=25 (full 4):
 PSYoungGen      total 355328K, used 30186K [0x00000000e0000000, 0x00000000f7900000, 0x0000000100000000)
  eden space 325120K, 0% used [0x00000000e0000000,0x00000000e0000000,0x00000000f3d80000)
  from space 30208K, 99% used [0x00000000f3d80000,0x00000000f5afa858,0x00000000f5b00000)
  to   space 29696K, 0% used [0x00000000f5b00000,0x00000000f5b00000,0x00000000f7800000)
 ParOldGen       total 109056K, used 108989K [0x00000000a0000000, 0x00000000a6a80000, 0x00000000e0000000)
  object space 109056K, 99% used [0x00000000a0000000,0x00000000a6a6f518,0x00000000a6a80000)
 Metaspace       used 75904K, capacity 78942K, committed 79064K, reserved 1118208K
  class space    used 10093K, capacity 10736K, committed 10752K, reserved 1048576K
Event: 59.547 GC heap after
Heap after GC invocations=25 (full 4):
 PSYoungGen      total 355328K, used 0K [0x00000000e0000000, 0x00000000f7900000, 0x0000000100000000)
  eden space 325120K, 0% used [0x00000000e0000000,0x00000000e0000000,0x00000000f3d80000)
  from space 30208K, 0% used [0x00000000f3d80000,0x00000000f3d80000,0x00000000f5b00000)
  to   space 29696K, 0% used [0x00000000f5b00000,0x00000000f5b00000,0x00000000f7800000)
 ParOldGen       total 109056K, used 96208K [0x00000000a0000000, 0x00000000a6a80000, 0x00000000e0000000)
  object space 109056K, 88% used [0x00000000a0000000,0x00000000a5df42b8,0x00000000a6a80000)
 Metaspace       used 75831K, capacity 78752K, committed 79064K, reserved 1118208K
  class space    used 10068K, capacity 10693K, committed 10752K, reserved 1048576K
}

