# JRE version: OpenJDK Runtime Environment (8.0_202-b03) (build 1.8.0_202-release-1483-b03)
# Java VM: OpenJDK 64-Bit Server VM (25.202-b03 mixed mode windows-amd64 compressed oops)
Heap:
 PSYoungGen      total 265728K, used 33483K [0x00000000e0000000, 0x00000000f6800000, 0x0000000100000000)
  eden space 248320K, 6% used [0x00000000e0000000,0x00000000e0fb3218,0x00000000ef280000)
  from space 17408K, 99% used [0x00000000ef280000,0x00000000f037fb48,0x00000000f0380000)
  to   space 20480K, 0% used [0x00000000f5400000,0x00000000f5400000,0x00000000f6800000)
 ParOldGen       total 76800K, used 35749K [0x00000000a0000000, 0x00000000a4b00000, 0x00000000e0000000)
  object space 76800K, 46% used [0x00000000a0000000,0x00000000a22e9470,0x00000000a4b00000)
 Metaspace       used 66867K, capacity 69212K, committed 69464K, reserved 1110016K
  class space    used 9053K, capacity 9592K, committed 9600K, reserved 1048576K
GC Heap History (10 events):
Event: 16.506 GC heap before
{Heap before GC invocations=12 (full 2):
 PSYoungGen      total 190976K, used 4816K [0x00000000e0000000, 0x00000000ed500000, 0x0000000100000000)
  eden space 178176K, 0% used [0x00000000e0000000,0x00000000e0000000,0x00000000eae00000)
  from space 12800K, 37% used [0x00000000eba00000,0x00000000ebeb4010,0x00000000ec680000)
  to   space 12288K, 0% used [0x00000000eae00000,0x00000000eae00000,0x00000000eba00000)
 ParOldGen       total 36864K, used 16854K [0x00000000a0000000, 0x00000000a2400000, 0x00000000e0000000)
  object space 36864K, 45% used [0x00000000a0000000,0x00000000a1075948,0x00000000a2400000)
 Metaspace       used 34632K, capacity 35398K, committed 35456K, reserved 1079296K
  class space    used 4748K, capacity 4982K, committed 4992K, reserved 1048576K
Event: 16.980 GC heap after
Heap after GC invocations=12 (full 2):
 PSYoungGen      total 190976K, used 0K [0x00000000e0000000, 0x00000000ed500000, 0x0000000100000000)
  eden space 178176K, 0% used [0x00000000e0000000,0x00000000e0000000,0x00000000eae00000)
  from space 12800K, 0% used [0x00000000eba00000,0x00000000eba00000,0x00000000ec680000)
  to   space 12288K, 0% used [0x00000000eae00000,0x00000000eae00000,0x00000000eba00000)
 ParOldGen       total 46592K, used 15153K [0x00000000a0000000, 0x00000000a2d80000, 0x00000000e0000000)
  object space 46592K, 32% used [0x00000000a0000000,0x00000000a0ecc658,0x00000000a2d80000)
 Metaspace       used 34623K, capacity 35368K, committed 35456K, reserved 1079296K
  class space    used 4746K, capacity 4977K, committed 4992K, reserved 1048576K
}
Event: 23.923 GC heap before
{Heap before GC invocations=13 (full 2):
 PSYoungGen      total 190976K, used 178176K [0x00000000e0000000, 0x00000000ed500000, 0x0000000100000000)
  eden space 178176K, 100% used [0x00000000e0000000,0x00000000eae00000,0x00000000eae00000)
  from space 12800K, 0% used [0x00000000eba00000,0x00000000eba00000,0x00000000ec680000)
  to   space 12288K, 0% used [0x00000000eae00000,0x00000000eae00000,0x00000000eba00000)
 ParOldGen       total 46592K, used 15153K [0x00000000a0000000, 0x00000000a2d80000, 0x00000000e0000000)
  object space 46592K, 32% used [0x00000000a0000000,0x00000000a0ecc658,0x00000000a2d80000)
 Metaspace       used 50463K, capacity 51796K, committed 51968K, reserved 1093632K
  class space    used 6777K, capacity 7137K, committed 7168K, reserved 1048576K
Event: 23.961 GC heap after
Heap after GC invocations=13 (full 2):
 PSYoungGen      total 190464K, used 12271K [0x00000000e0000000, 0x00000000f1980000, 0x0000000100000000)
  eden space 178176K, 0% used [0x00000000e0000000,0x00000000e0000000,0x00000000eae00000)
  from space 12288K, 99% used [0x00000000eae00000,0x00000000eb9fbfb0,0x00000000eba00000)
  to   space 17920K, 0% used [0x00000000f0800000,0x00000000f0800000,0x00000000f1980000)
 ParOldGen       total 46592K, used 24911K [0x00000000a0000000, 0x00000000a2d80000, 0x00000000e0000000)
  object space 46592K, 53% used [0x00000000a0000000,0x00000000a1853ed8,0x00000000a2d80000)
 Metaspace       used 50463K, capacity 51796K, committed 51968K, reserved 1093632K
  class space    used 6777K, capacity 7137K, committed 7168K, reserved 1048576K
}
Event: 27.277 GC heap before
{Heap before GC invocations=14 (full 2):
 PSYoungGen      total 190464K, used 98966K [0x00000000e0000000, 0x00000000f1980000, 0x0000000100000000)
  eden space 178176K, 48% used [0x00000000e0000000,0x00000000e54a9c00,0x00000000eae00000)
  from space 12288K, 99% used [0x00000000eae00000,0x00000000eb9fbfb0,0x00000000eba00000)
  to   space 17920K, 0% used [0x00000000f0800000,0x00000000f0800000,0x00000000f1980000)
 ParOldGen       total 46592K, used 24911K [0x00000000a0000000, 0x00000000a2d80000, 0x00000000e0000000)
  object space 46592K, 53% used [0x00000000a0000000,0x00000000a1853ed8,0x00000000a2d80000)
 Metaspace       used 57260K, capacity 58870K, committed 59096K, reserved 1099776K
  class space    used 7735K, capacity 8164K, committed 8192K, reserved 1048576K
Event: 27.357 GC heap after
Heap after GC invocations=14 (full 2):
 PSYoungGen      total 261120K, used 9093K [0x00000000e0000000, 0x00000000f1480000, 0x0000000100000000)
  eden space 248320K, 0% used [0x00000000e0000000,0x00000000e0000000,0x00000000ef280000)
  from space 12800K, 71% used [0x00000000f0800000,0x00000000f10e1410,0x00000000f1480000)
  to   space 17408K, 0% used [0x00000000ef280000,0x00000000ef280000,0x00000000f0380000)
 ParOldGen       total 46592K, used 35197K [0x00000000a0000000, 0x00000000a2d80000, 0x00000000e0000000)
  object space 46592K, 75% used [0x00000000a0000000,0x00000000a225f790,0x00000000a2d80000)
 Metaspace       used 57260K, capacity 58870K, committed 59096K, reserved 1099776K
  class space    used 7735K, capacity 8164K, committed 8192K, reserved 1048576K
}
Event: 27.357 GC heap before
{Heap before GC invocations=15 (full 3):
 PSYoungGen      total 261120K, used 9093K [0x00000000e0000000, 0x00000000f1480000, 0x0000000100000000)
  eden space 248320K, 0% used [0x00000000e0000000,0x00000000e0000000,0x00000000ef280000)
  from space 12800K, 71% used [0x00000000f0800000,0x00000000f10e1410,0x00000000f1480000)
  to   space 17408K, 0% used [0x00000000ef280000,0x00000000ef280000,0x00000000f0380000)
 ParOldGen       total 46592K, used 35197K [0x00000000a0000000, 0x00000000a2d80000, 0x00000000e0000000)
  object space 46592K, 75% used [0x00000000a0000000,0x00000000a225f790,0x00000000a2d80000)
 Metaspace       used 57260K, capacity 58870K, committed 59096K, reserved 1099776K
  class space    used 7735K, capacity 8164K, committed 8192K, reserved 1048576K
Event: 27.922 GC heap after
Heap after GC invocations=15 (full 3):
 PSYoungGen      total 261120K, used 0K [0x00000000e0000000, 0x00000000f1480000, 0x0000000100000000)
  eden space 248320K, 0% used [0x00000000e0000000,0x00000000e0000000,0x00000000ef280000)
  from space 12800K, 0% used [0x00000000f0800000,0x00000000f0800000,0x00000000f1480000)
  to   space 17408K, 0% used [0x00000000ef280000,0x00000000ef280000,0x00000000f0380000)
 ParOldGen       total 76800K, used 33470K [0x00000000a0000000, 0x00000000a4b00000, 0x00000000e0000000)
  object space 76800K, 43% used [0x00000000a0000000,0x00000000a20afab8,0x00000000a4b00000)
 Metaspace       used 57260K, capacity 58870K, committed 59096K, reserved 1099776K
  class space    used 7735K, capacity 8164K, committed 8192K, reserved 1048576K
}
Event: 40.065 GC heap before
{Heap before GC invocations=16 (full 3):
 PSYoungGen      total 261120K, used 248320K [0x00000000e0000000, 0x00000000f1480000, 0x0000000100000000)
  eden space 248320K, 100% used [0x00000000e0000000,0x00000000ef280000,0x00000000ef280000)
  from space 12800K, 0% used [0x00000000f0800000,0x00000000f0800000,0x00000000f1480000)
  to   space 17408K, 0% used [0x00000000ef280000,0x00000000ef280000,0x00000000f0380000)
 ParOldGen       total 76800K, used 33470K [0x00000000a0000000, 0x00000000a4b00000, 0x00000000e0000000)
  object space 76800K, 43% used [0x00000000a0000000,0x00000000a20afab8,0x00000000a4b00000)
 Metaspace       used 66221K, capacity 68436K, committed 68568K, reserved 1107968K
  class space    used 8936K, capacity 9450K, committed 9472K, reserved 1048576K
Event: 40.120 GC heap after
Heap after GC invocations=16 (full 3):
 PSYoungGen      total 265728K, used 17406K [0x00000000e0000000, 0x00000000f6800000, 0x0000000100000000)
  eden space 248320K, 0% used [0x00000000e0000000,0x00000000e0000000,0x00000000ef280000)
  from space 17408K, 99% used [0x00000000ef280000,0x00000000f037fb48,0x00000000f0380000)
  to   space 20480K, 0% used [0x00000000f5400000,0x00000000f5400000,0x00000000f6800000)
 ParOldGen       total 76800K, used 35749K [0x00000000a0000000, 0x00000000a4b00000, 0x00000000e0000000)
  object space 76800K, 46% used [0x00000000a0000000,0x00000000a22e9470,0x00000000a4b00000)
 Metaspace       used 66221K, capacity 68436K, committed 68568K, reserved 1107968K
  class space    used 8936K, capacity 9450K, committed 9472K, reserved 1048576K
}

