# JRE version: OpenJDK Runtime Environment (8.0_202-b03) (build 1.8.0_202-release-1483-b03)
# Java VM: OpenJDK 64-Bit Server VM (25.202-b03 mixed mode windows-amd64 compressed oops)
Heap:
 PSYoungGen      total 466944K, used 177412K [0x00000000e0000000, 0x00000000fff80000, 0x0000000100000000)
  eden space 410112K, 43% used [0x00000000e0000000,0x00000000ead412f0,0x00000000f9080000)
  from space 56832K, 0% used [0x00000000fc800000,0x00000000fc800000,0x00000000fff80000)
  to   space 56832K, 0% used [0x00000000f9080000,0x00000000f9080000,0x00000000fc800000)
 ParOldGen       total 130048K, used 69651K [0x00000000a0000000, 0x00000000a7f00000, 0x00000000e0000000)
  object space 130048K, 53% used [0x00000000a0000000,0x00000000a4404e88,0x00000000a7f00000)
 Metaspace       used 113910K, capacity 121860K, committed 127104K, reserved 1159168K
  class space    used 14403K, capacity 15788K, committed 16768K, reserved 1048576K
GC Heap History (10 events):
Event: 7500.028 GC heap before
{Heap before GC invocations=39 (full 4):
 PSYoungGen      total 463360K, used 442384K [0x00000000e0000000, 0x0000000100000000, 0x0000000100000000)
  eden space 404480K, 100% used [0x00000000e0000000,0x00000000f8b00000,0x00000000f8b00000)
  from space 58880K, 64% used [0x00000000fc680000,0x00000000feb842f0,0x0000000100000000)
  to   space 59904K, 0% used [0x00000000f8b00000,0x00000000f8b00000,0x00000000fc580000)
 ParOldGen       total 130048K, used 96280K [0x00000000a0000000, 0x00000000a7f00000, 0x00000000e0000000)
  object space 130048K, 74% used [0x00000000a0000000,0x00000000a5e06240,0x00000000a7f00000)
 Metaspace       used 114092K, capacity 123278K, committed 123520K, reserved 1157120K
  class space    used 14542K, capacity 16198K, committed 16256K, reserved 1048576K
Event: 7500.131 GC heap after
Heap after GC invocations=39 (full 4):
 PSYoungGen      total 434688K, used 29979K [0x00000000e0000000, 0x00000000ffd00000, 0x0000000100000000)
  eden space 404480K, 0% used [0x00000000e0000000,0x00000000e0000000,0x00000000f8b00000)
  from space 30208K, 99% used [0x00000000f8b00000,0x00000000fa846cc0,0x00000000fa880000)
  to   space 57856K, 0% used [0x00000000fc480000,0x00000000fc480000,0x00000000ffd00000)
 ParOldGen       total 130048K, used 102763K [0x00000000a0000000, 0x00000000a7f00000, 0x00000000e0000000)
  object space 130048K, 79% used [0x00000000a0000000,0x00000000a645ac58,0x00000000a7f00000)
 Metaspace       used 114092K, capacity 123278K, committed 123520K, reserved 1157120K
  class space    used 14542K, capacity 16198K, committed 16256K, reserved 1048576K
}
Event: 7502.428 GC heap before
{Heap before GC invocations=40 (full 4):
 PSYoungGen      total 434688K, used 434459K [0x00000000e0000000, 0x00000000ffd00000, 0x0000000100000000)
  eden space 404480K, 100% used [0x00000000e0000000,0x00000000f8b00000,0x00000000f8b00000)
  from space 30208K, 99% used [0x00000000f8b00000,0x00000000fa846cc0,0x00000000fa880000)
  to   space 57856K, 0% used [0x00000000fc480000,0x00000000fc480000,0x00000000ffd00000)
 ParOldGen       total 130048K, used 102763K [0x00000000a0000000, 0x00000000a7f00000, 0x00000000e0000000)
  object space 130048K, 79% used [0x00000000a0000000,0x00000000a645ac58,0x00000000a7f00000)
 Metaspace       used 114137K, capacity 123296K, committed 123520K, reserved 1157120K
  class space    used 14544K, capacity 16201K, committed 16256K, reserved 1048576K
Event: 7502.462 GC heap after
Heap after GC invocations=40 (full 4):
 PSYoungGen      total 464896K, used 19408K [0x00000000e0000000, 0x0000000100000000, 0x0000000100000000)
  eden space 407040K, 0% used [0x00000000e0000000,0x00000000e0000000,0x00000000f8d80000)
  from space 57856K, 33% used [0x00000000fc480000,0x00000000fd7743e8,0x00000000ffd00000)
  to   space 56320K, 0% used [0x00000000f8d80000,0x00000000f8d80000,0x00000000fc480000)
 ParOldGen       total 130048K, used 103003K [0x00000000a0000000, 0x00000000a7f00000, 0x00000000e0000000)
  object space 130048K, 79% used [0x00000000a0000000,0x00000000a6496c58,0x00000000a7f00000)
 Metaspace       used 114137K, capacity 123296K, committed 123520K, reserved 1157120K
  class space    used 14544K, capacity 16201K, committed 16256K, reserved 1048576K
}
Event: 7522.540 GC heap before
{Heap before GC invocations=41 (full 4):
 PSYoungGen      total 464896K, used 426448K [0x00000000e0000000, 0x0000000100000000, 0x0000000100000000)
  eden space 407040K, 100% used [0x00000000e0000000,0x00000000f8d80000,0x00000000f8d80000)
  from space 57856K, 33% used [0x00000000fc480000,0x00000000fd7743e8,0x00000000ffd00000)
  to   space 56320K, 0% used [0x00000000f8d80000,0x00000000f8d80000,0x00000000fc480000)
 ParOldGen       total 130048K, used 103003K [0x00000000a0000000, 0x00000000a7f00000, 0x00000000e0000000)
  object space 130048K, 79% used [0x00000000a0000000,0x00000000a6496c58,0x00000000a7f00000)
 Metaspace       used 115280K, capacity 124626K, committed 124800K, reserved 1157120K
  class space    used 14702K, capacity 16388K, committed 16512K, reserved 1048576K
Event: 7522.552 GC heap after
Heap after GC invocations=41 (full 4):
 PSYoungGen      total 463360K, used 5895K [0x00000000e0000000, 0x00000000fff80000, 0x0000000100000000)
  eden space 407040K, 0% used [0x00000000e0000000,0x00000000e0000000,0x00000000f8d80000)
  from space 56320K, 10% used [0x00000000f8d80000,0x00000000f9341fb8,0x00000000fc480000)
  to   space 56832K, 0% used [0x00000000fc800000,0x00000000fc800000,0x00000000fff80000)
 ParOldGen       total 130048K, used 103075K [0x00000000a0000000, 0x00000000a7f00000, 0x00000000e0000000)
  object space 130048K, 79% used [0x00000000a0000000,0x00000000a64a8c68,0x00000000a7f00000)
 Metaspace       used 115280K, capacity 124626K, committed 124800K, reserved 1157120K
  class space    used 14702K, capacity 16388K, committed 16512K, reserved 1048576K
}
Event: 7643.093 GC heap before
{Heap before GC invocations=42 (full 4):
 PSYoungGen      total 463360K, used 341875K [0x00000000e0000000, 0x00000000fff80000, 0x0000000100000000)
  eden space 407040K, 82% used [0x00000000e0000000,0x00000000f481aed0,0x00000000f8d80000)
  from space 56320K, 10% used [0x00000000f8d80000,0x00000000f9341fb8,0x00000000fc480000)
  to   space 56832K, 0% used [0x00000000fc800000,0x00000000fc800000,0x00000000fff80000)
 ParOldGen       total 130048K, used 103075K [0x00000000a0000000, 0x00000000a7f00000, 0x00000000e0000000)
  object space 130048K, 79% used [0x00000000a0000000,0x00000000a64a8c68,0x00000000a7f00000)
 Metaspace       used 117090K, capacity 126862K, committed 127104K, reserved 1159168K
  class space    used 14926K, capacity 16660K, committed 16768K, reserved 1048576K
Event: 7643.124 GC heap after
Heap after GC invocations=42 (full 4):
 PSYoungGen      total 466944K, used 4731K [0x00000000e0000000, 0x00000000fff80000, 0x0000000100000000)
  eden space 410112K, 0% used [0x00000000e0000000,0x00000000e0000000,0x00000000f9080000)
  from space 56832K, 8% used [0x00000000fc800000,0x00000000fcc9ef60,0x00000000fff80000)
  to   space 56832K, 0% used [0x00000000f9080000,0x00000000f9080000,0x00000000fc800000)
 ParOldGen       total 130048K, used 103099K [0x00000000a0000000, 0x00000000a7f00000, 0x00000000e0000000)
  object space 130048K, 79% used [0x00000000a0000000,0x00000000a64aec68,0x00000000a7f00000)
 Metaspace       used 117090K, capacity 126862K, committed 127104K, reserved 1159168K
  class space    used 14926K, capacity 16660K, committed 16768K, reserved 1048576K
}
Event: 7643.124 GC heap before
{Heap before GC invocations=43 (full 5):
 PSYoungGen      total 466944K, used 4731K [0x00000000e0000000, 0x00000000fff80000, 0x0000000100000000)
  eden space 410112K, 0% used [0x00000000e0000000,0x00000000e0000000,0x00000000f9080000)
  from space 56832K, 8% used [0x00000000fc800000,0x00000000fcc9ef60,0x00000000fff80000)
  to   space 56832K, 0% used [0x00000000f9080000,0x00000000f9080000,0x00000000fc800000)
 ParOldGen       total 130048K, used 103099K [0x00000000a0000000, 0x00000000a7f00000, 0x00000000e0000000)
  object space 130048K, 79% used [0x00000000a0000000,0x00000000a64aec68,0x00000000a7f00000)
 Metaspace       used 117090K, capacity 126862K, committed 127104K, reserved 1159168K
  class space    used 14926K, capacity 16660K, committed 16768K, reserved 1048576K
Event: 7645.124 GC heap after
Heap after GC invocations=43 (full 5):
 PSYoungGen      total 466944K, used 0K [0x00000000e0000000, 0x00000000fff80000, 0x0000000100000000)
  eden space 410112K, 0% used [0x00000000e0000000,0x00000000e0000000,0x00000000f9080000)
  from space 56832K, 0% used [0x00000000fc800000,0x00000000fc800000,0x00000000fff80000)
  to   space 56832K, 0% used [0x00000000f9080000,0x00000000f9080000,0x00000000fc800000)
 ParOldGen       total 130048K, used 69651K [0x00000000a0000000, 0x00000000a7f00000, 0x00000000e0000000)
  object space 130048K, 53% used [0x00000000a0000000,0x00000000a4404e88,0x00000000a7f00000)
 Metaspace       used 113731K, capacity 121744K, committed 127104K, reserved 1159168K
  class space    used 14382K, capacity 15752K, committed 16768K, reserved 1048576K
}

